<?xml version="1.0" encoding="UTF-8"?>
<!-- Generated by org.testng.reporters.JUnitReportReporter -->
<testsuite skipped="0" hostname="Aysels-MacBook-Pro.local" name="rest_api_testing.RestTest" tests="1" failures="0" timestamp="19 Aug 2018 20:49:52 GMT" time="1.612" errors="0">
  <testcase name="idTestwithLogDetail" time="1.612" classname="rest_api_testing.RestTest"/>
</testsuite> <!-- rest_api_testing.RestTest -->
