<?xml version="1.0" encoding="UTF-8"?>
<!-- Generated by org.testng.reporters.JUnitReportReporter -->
<testsuite skipped="0" hostname="Aysels-MacBook-Pro.local" name="rest_api_testing.RestApiTesting" tests="1" failures="0" timestamp="23 Aug 2018 02:35:17 GMT" time="1.206" errors="0">
  <testcase name="printBody" time="1.206" classname="rest_api_testing.RestApiTesting"/>
</testsuite> <!-- rest_api_testing.RestApiTesting -->
